[    1589ms] [WARNING] Datadog Browser SDK: SDK is loaded more than once. This is unsupported and might have unexpected behavior. @ https://staticfe.bamboohr.com/fe-main/prod/js/fabric.9de93cc1.dist.js:98
[    2454ms] [ERROR] Expected object, got undefined @ https://staticfe.bamboohr.com/fe-main/prod/js/vendor.30c37d4c.dist.js:1
[    2457ms] [ERROR] Expected object, got undefined @ https://staticfe.bamboohr.com/fe-main/prod/js/vendor.30c37d4c.dist.js:1
[    2838ms] [WARNING] Datadog Browser SDK: SDK is loaded more than once. This is unsupported and might have unexpected behavior. @ https://staticfe.bamboohr.com/fe-main/prod/js/vendor.30c37d4c.dist.js:1
[    3156ms] [WARNING] Datadog Browser SDK: SDK is loaded more than once. This is unsupported and might have unexpected behavior. @ https://staticfe.bamboohr.com/fe-main/prod/js/vendor.30c37d4c.dist.js:1
[    3445ms] [WARNING] Datadog Browser SDK: SDK is loaded more than once. This is unsupported and might have unexpected behavior. @ https://staticfe.bamboohr.com/fe-main/prod/js/vendor.30c37d4c.dist.js:1
[    3536ms] [ERROR] Failed to load resource: the server responded with a status of 401 () @ https://podcastle.bamboohr.com/logging_handler/entry:0
[    3597ms] [ERROR] Failed to load resource: the server responded with a status of 401 () @ https://podcastle.bamboohr.com/logging_handler/entry:0
[    3768ms] Uncaught (in promise) Error: Request failed with status code 401
    at e (https://staticfe.bamboohr.com/fe-main/prod/js/vendor.30c37d4c.dist.js:1:2765803)
    at e (https://staticfe.bamboohr.com/fe-main/prod/js/vendor.30c37d4c.dist.js:1:2768391)
    at e (https://staticfe.bamboohr.com/fe-main/prod/js/vendor.30c37d4c.dist.js:1:2761780)
[    3782ms] Uncaught (in promise) Error: Request failed with status code 401
    at e (https://staticfe.bamboohr.com/fe-main/prod/js/vendor.30c37d4c.dist.js:1:2765803)
    at e (https://staticfe.bamboohr.com/fe-main/prod/js/vendor.30c37d4c.dist.js:1:2768391)
    at e (https://staticfe.bamboohr.com/fe-main/prod/js/vendor.30c37d4c.dist.js:1:2761780)
[    3776ms] [ERROR] Failed to load resource: the server responded with a status of 401 () @ https://podcastle.bamboohr.com/globals/sessionCompany:0
[    3808ms] Uncaught (in promise) Error: Request failed with status code 401
    at e (https://staticfe.bamboohr.com/fe-main/prod/js/vendor.30c37d4c.dist.js:1:2765803)
    at e (https://staticfe.bamboohr.com/fe-main/prod/js/vendor.30c37d4c.dist.js:1:2768391)
    at e (https://staticfe.bamboohr.com/fe-main/prod/js/vendor.30c37d4c.dist.js:1:2761780)
[    4548ms] [WARNING] Datadog Browser SDK: SDK is loaded more than once. This is unsupported and might have unexpected behavior. @ https://staticfe.bamboohr.com/fe-main/prod/js/rollbar.js/rollbar.min.js:0
[    5304ms] [WARNING] Datadog Browser SDK: SDK is loaded more than once. This is unsupported and might have unexpected behavior. @ https://staticfe.bamboohr.com/fe-main/prod/js/rollbar.js/rollbar.min.js:0
